<?xml version="1.0" encoding="UTF-8"?>
<coverage generated="1638949724621" clover="3.2.0">
  <project timestamp="1638949724621" name="All files">
    <metrics statements="89" coveredstatements="89" conditionals="14" coveredconditionals="14" methods="15" coveredmethods="15" elements="118" coveredelements="118" complexity="0" loc="89" ncloc="89" packages="3" files="6" classes="6"/>
    <package name="Day1">
      <metrics statements="32" coveredstatements="32" conditionals="2" coveredconditionals="2" methods="7" coveredmethods="7"/>
      <file name="part1.js" path="/home/tkasth/Documents/repos/adventOfCode/Day1/part1.js">
        <metrics statements="14" coveredstatements="14" conditionals="2" coveredconditionals="2" methods="3" coveredmethods="3"/>
        <line num="2" count="1" type="stmt"/>
        <line num="3" count="1" type="stmt"/>
        <line num="4" count="1" type="stmt"/>
        <line num="5" count="2000" type="stmt"/>
        <line num="6" count="1" type="stmt"/>
        <line num="7" count="1" type="stmt"/>
        <line num="9" count="1" type="stmt"/>
        <line num="10" count="1" type="stmt"/>
        <line num="11" count="4" type="stmt"/>
        <line num="12" count="4" type="stmt"/>
        <line num="13" count="4012" type="cond" truecount="2" falsecount="0"/>
        <line num="14" count="2611" type="stmt"/>
        <line num="17" count="4" type="stmt"/>
        <line num="19" count="1" type="stmt"/>
      </file>
      <file name="part2.ts" path="/home/tkasth/Documents/repos/adventOfCode/Day1/part2.ts">
        <metrics statements="11" coveredstatements="11" conditionals="0" coveredconditionals="0" methods="3" coveredmethods="3"/>
        <line num="3" count="1" type="stmt"/>
        <line num="5" count="2" type="stmt"/>
        <line num="7" count="2" type="stmt"/>
        <line num="8" count="2006" type="stmt"/>
        <line num="9" count="2006" type="stmt"/>
        <line num="12" count="2" type="stmt"/>
        <line num="14" count="2" type="stmt"/>
        <line num="17" count="1" type="stmt"/>
        <line num="19" count="2000" type="stmt"/>
        <line num="21" count="1" type="stmt"/>
        <line num="23" count="1" type="stmt"/>
      </file>
      <file name="readFile.js" path="/home/tkasth/Documents/repos/adventOfCode/Day1/readFile.js">
        <metrics statements="7" coveredstatements="7" conditionals="0" coveredconditionals="0" methods="1" coveredmethods="1"/>
        <line num="2" count="2" type="stmt"/>
        <line num="3" count="2" type="stmt"/>
        <line num="4" count="2" type="stmt"/>
        <line num="5" count="2" type="stmt"/>
        <line num="6" count="4" type="stmt"/>
        <line num="7" count="4" type="stmt"/>
        <line num="9" count="2" type="stmt"/>
      </file>
    </package>
    <package name="Day2">
      <metrics statements="38" coveredstatements="38" conditionals="6" coveredconditionals="6" methods="7" coveredmethods="7"/>
      <file name="part1.ts" path="/home/tkasth/Documents/repos/adventOfCode/Day2/part1.ts">
        <metrics statements="19" coveredstatements="19" conditionals="3" coveredconditionals="3" methods="4" coveredmethods="4"/>
        <line num="1" count="1" type="stmt"/>
        <line num="10" count="1" type="stmt"/>
        <line num="12" count="1006" type="stmt"/>
        <line num="14" count="2" type="stmt"/>
        <line num="15" count="2" type="stmt"/>
        <line num="17" count="2" type="stmt"/>
        <line num="18" count="1006" type="stmt"/>
        <line num="19" count="1006" type="stmt"/>
        <line num="21" count="1006" type="stmt"/>
        <line num="23" count="1006" type="cond" truecount="3" falsecount="0"/>
        <line num="25" count="432" type="stmt"/>
        <line num="26" count="432" type="stmt"/>
        <line num="28" count="207" type="stmt"/>
        <line num="29" count="207" type="stmt"/>
        <line num="31" count="367" type="stmt"/>
        <line num="32" count="367" type="stmt"/>
        <line num="36" count="2" type="stmt"/>
        <line num="39" count="1" type="stmt"/>
        <line num="40" count="2" type="stmt"/>
      </file>
      <file name="part2.ts" path="/home/tkasth/Documents/repos/adventOfCode/Day2/part2.ts">
        <metrics statements="19" coveredstatements="19" conditionals="3" coveredconditionals="3" methods="3" coveredmethods="3"/>
        <line num="1" count="1" type="stmt"/>
        <line num="10" count="1" type="stmt"/>
        <line num="12" count="1006" type="stmt"/>
        <line num="14" count="2" type="stmt"/>
        <line num="15" count="2" type="stmt"/>
        <line num="16" count="2" type="stmt"/>
        <line num="18" count="2" type="stmt"/>
        <line num="19" count="1006" type="stmt"/>
        <line num="20" count="1006" type="stmt"/>
        <line num="22" count="1006" type="stmt"/>
        <line num="24" count="1006" type="cond" truecount="3" falsecount="0"/>
        <line num="26" count="432" type="stmt"/>
        <line num="27" count="432" type="stmt"/>
        <line num="28" count="432" type="stmt"/>
        <line num="30" count="207" type="stmt"/>
        <line num="31" count="207" type="stmt"/>
        <line num="33" count="367" type="stmt"/>
        <line num="34" count="367" type="stmt"/>
        <line num="38" count="2" type="stmt"/>
      </file>
    </package>
    <package name="Day3">
      <metrics statements="19" coveredstatements="19" conditionals="6" coveredconditionals="6" methods="1" coveredmethods="1"/>
      <file name="part1.ts" path="/home/tkasth/Documents/repos/adventOfCode/Day3/part1.ts">
        <metrics statements="19" coveredstatements="19" conditionals="6" coveredconditionals="6" methods="1" coveredmethods="1"/>
        <line num="1" count="1" type="stmt"/>
        <line num="16" count="1" type="stmt"/>
        <line num="18" count="2" type="stmt"/>
        <line num="20" count="2" type="stmt"/>
        <line num="21" count="2" type="stmt"/>
        <line num="25" count="2" type="stmt"/>
        <line num="26" count="24" type="stmt"/>
        <line num="27" count="120" type="cond" truecount="2" falsecount="0"/>
        <line num="31" count="2" type="stmt"/>
        <line num="32" count="2" type="stmt"/>
        <line num="34" count="2" type="stmt"/>
        <line num="35" count="10" type="cond" truecount="2" falsecount="0"/>
        <line num="36" count="10" type="cond" truecount="2" falsecount="0"/>
        <line num="38" count="10" type="stmt"/>
        <line num="39" count="10" type="stmt"/>
        <line num="42" count="2" type="stmt"/>
        <line num="43" count="2" type="stmt"/>
        <line num="45" count="2" type="stmt"/>
        <line num="49" count="1" type="stmt"/>
      </file>
    </package>
  </project>
</coverage>
