<?xml version="1.0" encoding="UTF-8"?>
<coverage generated="1638865625977" clover="3.2.0">
  <project timestamp="1638865625978" name="All files">
    <metrics statements="28" coveredstatements="28" conditionals="2" coveredconditionals="2" methods="5" coveredmethods="5" elements="35" coveredelements="35" complexity="0" loc="28" ncloc="28" packages="1" files="3" classes="3"/>
    <file name="part1.js" path="/home/tkasth/Documents/repos/adventOfCode/Day1/part1.js">
      <metrics statements="14" coveredstatements="14" conditionals="2" coveredconditionals="2" methods="3" coveredmethods="3"/>
      <line num="2" count="1" type="stmt"/>
      <line num="3" count="1" type="stmt"/>
      <line num="4" count="1" type="stmt"/>
      <line num="5" count="2000" type="stmt"/>
      <line num="6" count="1" type="stmt"/>
      <line num="7" count="1" type="stmt"/>
      <line num="9" count="1" type="stmt"/>
      <line num="10" count="1" type="stmt"/>
      <line num="11" count="3" type="stmt"/>
      <line num="12" count="3" type="stmt"/>
      <line num="13" count="2015" type="cond" truecount="2" falsecount="0"/>
      <line num="14" count="1300" type="stmt"/>
      <line num="17" count="3" type="stmt"/>
      <line num="19" count="1" type="stmt"/>
    </file>
    <file name="part2.ts" path="/home/tkasth/Documents/repos/adventOfCode/Day1/part2.ts">
      <metrics statements="7" coveredstatements="7" conditionals="0" coveredconditionals="0" methods="1" coveredmethods="1"/>
      <line num="3" count="1" type="stmt"/>
      <line num="5" count="1" type="stmt"/>
      <line num="7" count="1" type="stmt"/>
      <line num="9" count="8" type="stmt"/>
      <line num="11" count="8" type="stmt"/>
      <line num="15" count="1" type="stmt"/>
      <line num="17" count="1" type="stmt"/>
    </file>
    <file name="readFile.js" path="/home/tkasth/Documents/repos/adventOfCode/Day1/readFile.js">
      <metrics statements="7" coveredstatements="7" conditionals="0" coveredconditionals="0" methods="1" coveredmethods="1"/>
      <line num="2" count="1" type="stmt"/>
      <line num="3" count="1" type="stmt"/>
      <line num="4" count="1" type="stmt"/>
      <line num="5" count="1" type="stmt"/>
      <line num="6" count="1" type="stmt"/>
      <line num="7" count="1" type="stmt"/>
      <line num="9" count="1" type="stmt"/>
    </file>
  </project>
</coverage>
