{"/home/tkasth/Documents/repos/adventOfCode/Day1/part1.js": {"path":"/home/tkasth/Documents/repos/adventOfCode/Day1/part1.js","statementMap":{"0":{"start":{"line":2,"column":0},"end":{"line":2,"column":26}},"1":{"start":{"line":3,"column":0},"end":{"line":3,"column":81}},"2":{"start":{"line":4,"column":38},"end":{"line":8,"column":1}},"3":{"start":{"line":5,"column":17},"end":{"line":5,"column":84}},"4":{"start":{"line":5,"column":60},"end":{"line":5,"column":81}},"5":{"start":{"line":6,"column":29},"end":{"line":6,"column":71}},"6":{"start":{"line":7,"column":4},"end":{"line":7,"column":30}},"7":{"start":{"line":9,"column":0},"end":{"line":9,"column":74}},"8":{"start":{"line":10,"column":28},"end":{"line":18,"column":1}},"9":{"start":{"line":11,"column":21},"end":{"line":11,"column":22}},"10":{"start":{"line":12,"column":4},"end":{"line":16,"column":5}},"11":{"start":{"line":12,"column":17},"end":{"line":12,"column":18}},"12":{"start":{"line":13,"column":8},"end":{"line":15,"column":9}},"13":{"start":{"line":14,"column":12},"end":{"line":14,"column":40}},"14":{"start":{"line":17,"column":4},"end":{"line":17,"column":22}},"15":{"start":{"line":19,"column":0},"end":{"line":19,"column":54}}},"fnMap":{"0":{"name":"(anonymous_0)","decl":{"start":{"line":4,"column":38},"end":{"line":4,"column":39}},"loc":{"start":{"line":4,"column":59},"end":{"line":8,"column":1}},"line":4},"1":{"name":"(anonymous_1)","decl":{"start":{"line":5,"column":43},"end":{"line":5,"column":44}},"loc":{"start":{"line":5,"column":58},"end":{"line":5,"column":83}},"line":5},"2":{"name":"(anonymous_2)","decl":{"start":{"line":10,"column":28},"end":{"line":10,"column":29}},"loc":{"start":{"line":10,"column":46},"end":{"line":18,"column":1}},"line":10}},"branchMap":{"0":{"loc":{"start":{"line":13,"column":8},"end":{"line":15,"column":9}},"type":"if","locations":[{"start":{"line":13,"column":8},"end":{"line":15,"column":9}},{"start":{},"end":{}}],"line":13}},"s":{"0":1,"1":1,"2":1,"3":1,"4":2000,"5":1,"6":1,"7":1,"8":1,"9":4,"10":4,"11":4,"12":4012,"13":2611,"14":4,"15":1},"f":{"0":1,"1":2000,"2":4},"b":{"0":[2611,1401]},"_coverageSchema":"1a1c01bbd47fc00a2c39e90264f33305004495a9","hash":"7317d4a29a15563c73f54c6a9fd796b6090c75ae"}
,"/home/tkasth/Documents/repos/adventOfCode/Day1/part2.ts": {"path":"/home/tkasth/Documents/repos/adventOfCode/Day1/part2.ts","statementMap":{"0":{"start":{"line":3,"column":43},"end":{"line":15,"column":1}},"1":{"start":{"line":5,"column":27},"end":{"line":5,"column":29}},"2":{"start":{"line":7,"column":2},"end":{"line":10,"column":3}},"3":{"start":{"line":7,"column":22},"end":{"line":7,"column":23}},"4":{"start":{"line":8,"column":14},"end":{"line":8,"column":51}},"5":{"start":{"line":9,"column":4},"end":{"line":9,"column":22}},"6":{"start":{"line":12,"column":21},"end":{"line":12,"column":51}},"7":{"start":{"line":14,"column":2},"end":{"line":14,"column":20}},"8":{"start":{"line":17,"column":54},"end":{"line":24,"column":1}},"9":{"start":{"line":19,"column":25},"end":{"line":19,"column":72}},"10":{"start":{"line":19,"column":58},"end":{"line":19,"column":71}},"11":{"start":{"line":21,"column":29},"end":{"line":21,"column":64}},"12":{"start":{"line":23,"column":2},"end":{"line":23,"column":28}}},"fnMap":{"0":{"name":"(anonymous_0)","decl":{"start":{"line":3,"column":43},"end":{"line":3,"column":44}},"loc":{"start":{"line":3,"column":65},"end":{"line":15,"column":1}},"line":3},"1":{"name":"(anonymous_1)","decl":{"start":{"line":17,"column":54},"end":{"line":17,"column":55}},"loc":{"start":{"line":17,"column":77},"end":{"line":24,"column":1}},"line":17},"2":{"name":"(anonymous_2)","decl":{"start":{"line":19,"column":51},"end":{"line":19,"column":52}},"loc":{"start":{"line":19,"column":58},"end":{"line":19,"column":71}},"line":19}},"branchMap":{},"s":{"0":1,"1":2,"2":2,"3":2,"4":2006,"5":2006,"6":2,"7":2,"8":1,"9":1,"10":2000,"11":1,"12":1},"f":{"0":2,"1":1,"2":2000},"b":{},"_coverageSchema":"1a1c01bbd47fc00a2c39e90264f33305004495a9","hash":"d7491f8581a6d365abf41b782ff7aacd7e0fdc5b"}
,"/home/tkasth/Documents/repos/adventOfCode/Day1/readFile.js": {"path":"/home/tkasth/Documents/repos/adventOfCode/Day1/readFile.js","statementMap":{"0":{"start":{"line":2,"column":0},"end":{"line":2,"column":26}},"1":{"start":{"line":3,"column":0},"end":{"line":3,"column":26}},"2":{"start":{"line":4,"column":9},"end":{"line":4,"column":22}},"3":{"start":{"line":5,"column":15},"end":{"line":8,"column":1}},"4":{"start":{"line":6,"column":15},"end":{"line":6,"column":44}},"5":{"start":{"line":7,"column":4},"end":{"line":7,"column":16}},"6":{"start":{"line":9,"column":0},"end":{"line":9,"column":28}}},"fnMap":{"0":{"name":"(anonymous_0)","decl":{"start":{"line":5,"column":15},"end":{"line":5,"column":16}},"loc":{"start":{"line":5,"column":31},"end":{"line":8,"column":1}},"line":5}},"branchMap":{},"s":{"0":2,"1":2,"2":2,"3":2,"4":3,"5":3,"6":2},"f":{"0":3},"b":{},"_coverageSchema":"1a1c01bbd47fc00a2c39e90264f33305004495a9","hash":"dfe6ba8f0d84faeb204aa90cec7a9ed0a9573ac4"}
,"/home/tkasth/Documents/repos/adventOfCode/Day2/part1.ts": {"path":"/home/tkasth/Documents/repos/adventOfCode/Day2/part1.ts","statementMap":{"0":{"start":{"line":1,"column":22},"end":{"line":8,"column":1}},"1":{"start":{"line":10,"column":28},"end":{"line":37,"column":1}},"2":{"start":{"line":12,"column":27},"end":{"line":12,"column":67}},"3":{"start":{"line":12,"column":52},"end":{"line":12,"column":66}},"4":{"start":{"line":14,"column":35},"end":{"line":14,"column":36}},"5":{"start":{"line":15,"column":33},"end":{"line":15,"column":34}},"6":{"start":{"line":17,"column":2},"end":{"line":34,"column":5}},"7":{"start":{"line":18,"column":28},"end":{"line":18,"column":48}},"8":{"start":{"line":19,"column":33},"end":{"line":19,"column":53}},"9":{"start":{"line":21,"column":27},"end":{"line":21,"column":51}},"10":{"start":{"line":23,"column":4},"end":{"line":33,"column":5}},"11":{"start":{"line":25,"column":8},"end":{"line":25,"column":39}},"12":{"start":{"line":26,"column":8},"end":{"line":26,"column":14}},"13":{"start":{"line":28,"column":8},"end":{"line":28,"column":37}},"14":{"start":{"line":29,"column":8},"end":{"line":29,"column":14}},"15":{"start":{"line":31,"column":8},"end":{"line":31,"column":37}},"16":{"start":{"line":32,"column":8},"end":{"line":32,"column":14}},"17":{"start":{"line":36,"column":2},"end":{"line":36,"column":47}},"18":{"start":{"line":39,"column":36},"end":{"line":41,"column":1}},"19":{"start":{"line":40,"column":2},"end":{"line":40,"column":31}}},"fnMap":{"0":{"name":"(anonymous_0)","decl":{"start":{"line":10,"column":28},"end":{"line":10,"column":29}},"loc":{"start":{"line":10,"column":57},"end":{"line":37,"column":1}},"line":10},"1":{"name":"(anonymous_1)","decl":{"start":{"line":12,"column":45},"end":{"line":12,"column":46}},"loc":{"start":{"line":12,"column":52},"end":{"line":12,"column":66}},"line":12},"2":{"name":"(anonymous_2)","decl":{"start":{"line":17,"column":25},"end":{"line":17,"column":26}},"loc":{"start":{"line":17,"column":46},"end":{"line":34,"column":3}},"line":17},"3":{"name":"(anonymous_3)","decl":{"start":{"line":39,"column":36},"end":{"line":39,"column":37}},"loc":{"start":{"line":39,"column":51},"end":{"line":41,"column":1}},"line":39}},"branchMap":{"0":{"loc":{"start":{"line":23,"column":4},"end":{"line":33,"column":5}},"type":"switch","locations":[{"start":{"line":24,"column":6},"end":{"line":26,"column":14}},{"start":{"line":27,"column":6},"end":{"line":29,"column":14}},{"start":{"line":30,"column":6},"end":{"line":32,"column":14}}],"line":23}},"s":{"0":1,"1":1,"2":2,"3":1006,"4":2,"5":2,"6":2,"7":1006,"8":1006,"9":1006,"10":1006,"11":432,"12":432,"13":207,"14":207,"15":367,"16":367,"17":2,"18":1,"19":1},"f":{"0":2,"1":1006,"2":1006,"3":1},"b":{"0":[432,207,367]},"_coverageSchema":"1a1c01bbd47fc00a2c39e90264f33305004495a9","hash":"c9a258c456d057d0d14d7c26ab2e65da609c0d89"}
}
