TN:
SF:Day1/part1.js
FN:4,(anonymous_0)
FN:5,(anonymous_1)
FN:10,(anonymous_2)
FNF:3
FNH:3
FNDA:1,(anonymous_0)
FNDA:2000,(anonymous_1)
FNDA:4,(anonymous_2)
DA:2,1
DA:3,1
DA:4,1
DA:5,2000
DA:6,1
DA:7,1
DA:9,1
DA:10,1
DA:11,4
DA:12,4
DA:13,4012
DA:14,2611
DA:17,4
DA:19,1
LF:14
LH:14
BRDA:13,0,0,2611
BRDA:13,0,1,1401
BRF:2
BRH:2
end_of_record
TN:
SF:Day1/part2.ts
FN:3,(anonymous_0)
FN:17,(anonymous_1)
FN:19,(anonymous_2)
FNF:3
FNH:3
FNDA:2,(anonymous_0)
FNDA:1,(anonymous_1)
FNDA:2000,(anonymous_2)
DA:3,1
DA:5,2
DA:7,2
DA:8,2006
DA:9,2006
DA:12,2
DA:14,2
DA:17,1
DA:19,2000
DA:21,1
DA:23,1
LF:11
LH:11
BRF:0
BRH:0
end_of_record
TN:
SF:Day1/readFile.js
FN:5,(anonymous_0)
FNF:1
FNH:1
FNDA:5,(anonymous_0)
DA:2,3
DA:3,3
DA:4,3
DA:5,3
DA:6,5
DA:7,5
DA:9,3
LF:7
LH:7
BRF:0
BRH:0
end_of_record
TN:
SF:Day2/part1.ts
FN:10,(anonymous_0)
FN:12,(anonymous_1)
FN:17,(anonymous_2)
FN:39,(anonymous_3)
FNF:4
FNH:4
FNDA:2,(anonymous_0)
FNDA:1006,(anonymous_1)
FNDA:1006,(anonymous_2)
FNDA:3,(anonymous_3)
DA:1,2
DA:10,2
DA:12,1006
DA:14,2
DA:15,2
DA:17,2
DA:18,1006
DA:19,1006
DA:21,1006
DA:23,1006
DA:25,432
DA:26,432
DA:28,207
DA:29,207
DA:31,367
DA:32,367
DA:36,2
DA:39,2
DA:40,3
LF:19
LH:19
BRDA:23,0,0,432
BRDA:23,0,1,207
BRDA:23,0,2,367
BRF:3
BRH:3
end_of_record
TN:
SF:Day2/part2.ts
FN:10,(anonymous_0)
FN:12,(anonymous_1)
FN:18,(anonymous_2)
FNF:3
FNH:3
FNDA:2,(anonymous_0)
FNDA:1006,(anonymous_1)
FNDA:1006,(anonymous_2)
DA:1,1
DA:10,1
DA:12,1006
DA:14,2
DA:15,2
DA:16,2
DA:18,2
DA:19,1006
DA:20,1006
DA:22,1006
DA:24,1006
DA:26,432
DA:27,432
DA:28,432
DA:30,207
DA:31,207
DA:33,367
DA:34,367
DA:38,2
LF:19
LH:19
BRDA:24,0,0,432
BRDA:24,0,1,207
BRDA:24,0,2,367
BRF:3
BRH:3
end_of_record
TN:
SF:Day3/part1.ts
FN:16,(anonymous_0)
FN:28,(anonymous_1)
FNF:2
FNH:2
FNDA:3,(anonymous_0)
FNDA:12120,(anonymous_1)
DA:1,1
DA:16,1
DA:18,3
DA:19,3
DA:21,3
DA:23,3
DA:25,22
DA:26,22
DA:28,22
DA:29,12120
DA:32,22
DA:33,22
DA:35,22
DA:36,22
DA:39,3
DA:40,3
DA:42,3
DA:45,1
LF:18
LH:18
BRDA:29,0,0,6070
BRDA:29,0,1,6050
BRDA:32,1,0,12
BRDA:32,1,1,10
BRDA:33,2,0,12
BRDA:33,2,1,10
BRF:6
BRH:6
end_of_record
TN:
SF:Day3/part2.ts
FN:17,(anonymous_0)
FN:27,(anonymous_1)
FN:30,(anonymous_2)
FN:44,(anonymous_3)
FN:48,(anonymous_4)
FN:54,(anonymous_5)
FN:58,(anonymous_6)
FN:64,(anonymous_7)
FN:68,(anonymous_8)
FNF:9
FNH:7
FNDA:2,(anonymous_0)
FNDA:4,(anonymous_1)
FNDA:24,(anonymous_2)
FNDA:96,(anonymous_3)
FNDA:96,(anonymous_4)
FNDA:38,(anonymous_5)
FNDA:14,(anonymous_6)
FNDA:0,(anonymous_7)
FNDA:0,(anonymous_8)
DA:1,1
DA:17,1
DA:19,2
DA:20,2
DA:21,2
DA:23,2
DA:25,10
DA:26,2
DA:27,4
DA:29,2
DA:30,24
DA:32,2
DA:33,2
DA:35,2
DA:38,8
DA:39,8
DA:41,8
DA:42,8
DA:44,8
DA:45,96
DA:48,8
DA:49,96
DA:52,8
DA:53,6
DA:54,38
DA:57,2
DA:58,14
DA:61,8
DA:62,8
DA:63,0
DA:64,0
DA:66,8
DA:67,0
DA:68,0
DA:75,1
LF:35
LH:31
BRDA:25,0,0,2
BRDA:25,0,1,8
BRDA:45,1,0,54
BRDA:45,1,1,42
BRDA:49,2,0,42
BRDA:49,2,1,54
BRDA:52,3,0,6
BRDA:52,3,1,2
BRDA:61,4,0,8
BRDA:61,4,1,0
BRDA:62,5,0,0
BRDA:62,5,1,8
BRDA:66,6,0,0
BRDA:66,6,1,8
BRF:14
BRH:11
end_of_record
