TN:
SF:Day1/part1.js
FN:4,(anonymous_0)
FN:5,(anonymous_1)
FN:10,(anonymous_2)
FNF:3
FNH:3
FNDA:1,(anonymous_0)
FNDA:2000,(anonymous_1)
FNDA:4,(anonymous_2)
DA:2,1
DA:3,1
DA:4,1
DA:5,2000
DA:6,1
DA:7,1
DA:9,1
DA:10,1
DA:11,4
DA:12,4
DA:13,4012
DA:14,2611
DA:17,4
DA:19,1
LF:14
LH:14
BRDA:13,0,0,2611
BRDA:13,0,1,1401
BRF:2
BRH:2
end_of_record
TN:
SF:Day1/part2.ts
FN:3,(anonymous_0)
FN:17,(anonymous_1)
FN:19,(anonymous_2)
FNF:3
FNH:3
FNDA:2,(anonymous_0)
FNDA:1,(anonymous_1)
FNDA:2000,(anonymous_2)
DA:3,1
DA:5,2
DA:7,2
DA:8,2006
DA:9,2006
DA:12,2
DA:14,2
DA:17,1
DA:19,2000
DA:21,1
DA:23,1
LF:11
LH:11
BRF:0
BRH:0
end_of_record
TN:
SF:Day1/readFile.js
FN:5,(anonymous_0)
FNF:1
FNH:1
FNDA:2,(anonymous_0)
DA:2,1
DA:3,1
DA:4,1
DA:5,1
DA:6,2
DA:7,2
DA:9,1
LF:7
LH:7
BRF:0
BRH:0
end_of_record
